<?xml version="1.0" encoding="UTF-8"?>
<!-- Generated by org.testng.reporters.JUnitReportReporter -->
<testsuite skipped="0" hostname="Adeep-Lap" name="horse.myTest" tests="1" failures="0" timestamp="2021-10-25T23:28:03 IST" time="0.009" errors="0">
  <testcase name="mytest" time="0.009" classname="horse.myTest"/>
  <system-out/>
</testsuite> <!-- horse.myTest -->
